<?xml version="1.0" encoding="UTF-8"?>
<!-- Generated by org.testng.reporters.JUnitReportReporter -->
<testsuite skipped="0" hostname="LAPTOP-J365QQV5" name="com.actitime.testscripts.tc" tests="1" failures="0" timestamp="2022-10-25T18:37:14 IST" time="26.977" errors="0">
  <testcase name="test" time="26.977" classname="com.actitime.testscripts.tc"/>
  <system-out/>
</testsuite> <!-- com.actitime.testscripts.tc -->
