<?xml version="1.0" encoding="UTF-8"?>
<!-- Generated by org.testng.reporters.JUnitReportReporter -->
<testsuite skipped="0" hostname="LAPTOP-J365QQV5" name="com.actitime.testscripts.VerifyHomepageTitle" tests="1" failures="0" timestamp="2022-10-25T18:37:14 IST" time="14.320" errors="0">
  <testcase name="homepage" time="14.320" classname="com.actitime.testscripts.VerifyHomepageTitle"/>
  <system-out/>
</testsuite> <!-- com.actitime.testscripts.VerifyHomepageTitle -->
