<?xml version="1.0" encoding="UTF-8"?>
<!-- Generated by org.testng.reporters.JUnitReportReporter -->
<testsuite skipped="0" hostname="LAPTOP-J365QQV5" name="com.actitime.config.CommonSetup" tests="1" failures="0" timestamp="2022-10-17T14:00:58 IST" time="5.759" errors="0">
  <testcase name="setup" time="5.759" classname="com.actitime.config.CommonSetup"/>
  <system-out/>
</testsuite> <!-- com.actitime.config.CommonSetup -->
