<?xml version="1.0" encoding="UTF-8"?>
<!-- Generated by org.testng.reporters.JUnitReportReporter -->
<testsuite skipped="0" hostname="LAPTOP-J365QQV5" name="com.actitime.testscripts.CreateNewCustomer" tests="2" failures="0" timestamp="2022-10-25T19:29:18 IST" time="69.433" errors="0">
  <testcase name="createCustomer" time="34.997" classname="com.actitime.testscripts.CreateNewCustomer"/>
  <system-out/>
  <testcase name="createCustomer1" time="34.436" classname="com.actitime.testscripts.CreateNewCustomer"/>
  <system-out/>
</testsuite> <!-- com.actitime.testscripts.CreateNewCustomer -->
