<?xml version="1.0" encoding="UTF-8"?>
<!-- Generated by org.testng.reporters.JUnitReportReporter -->
<testsuite skipped="0" hostname="LAPTOP-J365QQV5" name="com.actitime.testscripts.tc" tests="1" failures="0" timestamp="2022-10-25T19:29:18 IST" time="23.446" errors="0">
  <testcase name="test" time="23.446" classname="com.actitime.testscripts.tc"/>
  <system-out/>
</testsuite> <!-- com.actitime.testscripts.tc -->
